<?xml version="1.0" encoding="UTF-8"?>
<testng-results skipped="0" failed="0" ignored="0" total="1" passed="1">
  <reporter-output>
  </reporter-output>
  <suite name="com.flipkart.AppTest" duration-ms="172" started-at="2019-04-01T16:22:10 CDT" finished-at="2019-04-01T16:22:10 CDT">
    <groups>
    </groups>
    <test name="Command line test" duration-ms="172" started-at="2019-04-01T16:22:10 CDT" finished-at="2019-04-01T16:22:10 CDT">
      <class name="com.flipkart.AppTest">
        <test-method status="PASS" signature="sampleTest()[pri:0, instance:com.flipkart.AppTest@3cbbc1e0]" name="sampleTest" duration-ms="16" started-at="2019-04-01T16:22:10 CDT" finished-at="2019-04-01T16:22:10 CDT">
          <reporter-output>
          </reporter-output>
        </test-method> <!-- sampleTest -->
      </class> <!-- com.flipkart.AppTest -->
    </test> <!-- Command line test -->
  </suite> <!-- com.flipkart.AppTest -->
</testng-results>
