<?xml version="1.0" encoding="UTF-8"?>
<testng-results skipped="0" failed="0" ignored="0" total="1" passed="1">
  <reporter-output>
  </reporter-output>
  <suite name="Default suite" duration-ms="93" started-at="2019-04-19T17:53:08Z" finished-at="2019-04-19T17:53:08Z">
    <groups>
    </groups>
    <test name="Default test" duration-ms="93" started-at="2019-04-19T17:53:08Z" finished-at="2019-04-19T17:53:08Z">
      <class name="com.flipkart.AppTest">
        <test-method status="PASS" signature="sampleTest()[pri:0, instance:com.flipkart.AppTest@59fa1d9b]" name="sampleTest" duration-ms="30" started-at="2019-04-19T17:53:08Z" finished-at="2019-04-19T17:53:08Z">
          <reporter-output>
          </reporter-output>
        </test-method> <!-- sampleTest -->
      </class> <!-- com.flipkart.AppTest -->
    </test> <!-- Default test -->
  </suite> <!-- Default suite -->
</testng-results>
