<?xml version="1.0" encoding="UTF-8"?>
<testng-results skipped="0" failed="0" ignored="0" total="1" passed="1">
  <reporter-output>
  </reporter-output>
  <suite name="Suite" duration-ms="97" started-at="2019-04-18T20:39:05Z" finished-at="2019-04-18T20:39:06Z">
    <groups>
    </groups>
    <test name="Test" duration-ms="97" started-at="2019-04-18T20:39:05Z" finished-at="2019-04-18T20:39:06Z">
      <class name="com.flipkart.AppTest">
        <test-method status="PASS" signature="sampleTest()[pri:0, instance:com.flipkart.AppTest@46d56d67]" name="sampleTest" duration-ms="26" started-at="2019-04-18T20:39:05Z" finished-at="2019-04-18T20:39:06Z">
          <reporter-output>
          </reporter-output>
        </test-method> <!-- sampleTest -->
      </class> <!-- com.flipkart.AppTest -->
    </test> <!-- Test -->
  </suite> <!-- Suite -->
</testng-results>
